
[INFO] 1970-01-27 05:53:45 - POST /home/ - Processed in 0.008047 seconds, Response size: 5390 bytes, CPU Usage: 0.0%, Memory Usage: 77.3%
[INFO] 1970-01-27 05:53:45 - GET /static/css/home.css - Processed in 0.002160 seconds, Response size: 179 bytes, CPU Usage: 56.2%, Memory Usage: 77.3%
[INFO] 1970-01-27 05:53:45 - GET /static/css/base.css - Processed in 0.007498 seconds, Response size: 179 bytes, CPU Usage: 0.0%, Memory Usage: 77.3%
[INFO] 1970-01-27 05:53:59 - GET / - Processed in 0.000716 seconds, Response size: 555 bytes, CPU Usage: 0.0%, Memory Usage: 74.2%
[INFO] 1970-01-27 05:53:59 - GET /favicon.ico - Processed in 0.000584 seconds, Response size: 179 bytes, CPU Usage: 90.6%, Memory Usage: 75.1%
[INFO] 1970-01-27 05:54:01 - GET /home/ - Processed in 0.001040 seconds, Response size: 5162 bytes, CPU Usage: 27.6%, Memory Usage: 76.7%
[INFO] 1970-01-27 05:54:01 - GET /static/css/home.css - Processed in 0.000508 seconds, Response size: 179 bytes, CPU Usage: 82.4%, Memory Usage: 76.7%
[INFO] 1970-01-27 05:54:01 - GET /static/css/base.css - Processed in 0.000625 seconds, Response size: 179 bytes, CPU Usage: 0.0%, Memory Usage: 76.7%
[INFO] 1970-01-27 05:54:01 - GET /static/css/base.css - Processed in 0.000587 seconds, Response size: 179 bytes, CPU Usage: 100.0%, Memory Usage: 76.8%
[INFO] 1970-01-27 05:54:01 - GET /static/css/home.css - Processed in 0.001026 seconds, Response size: 179 bytes, CPU Usage: 100.0%, Memory Usage: 76.9%
[INFO] 1970-01-27 05:54:11 - GET /translatev2/ - Processed in 0.024586 seconds, Response size: 4678 bytes, CPU Usage: 13.5%, Memory Usage: 79.3%
[INFO] 1970-01-27 05:54:11 - GET /static/css/home.css - Processed in 0.000660 seconds, Response size: 179 bytes, CPU Usage: 100.0%, Memory Usage: 79.3%
[INFO] 1970-01-27 05:54:11 - GET /static/css/base.css - Processed in 0.000630 seconds, Response size: 179 bytes, CPU Usage: 13.8%, Memory Usage: 79.3%
[INFO] 1970-01-27 05:54:11 - GET /static/css/home.css - Processed in 0.002248 seconds, Response size: 179 bytes, CPU Usage: 100.0%, Memory Usage: 79.1%
[INFO] 1970-01-27 05:54:11 - GET /static/css/base.css - Processed in 0.000362 seconds, Response size: 179 bytes, CPU Usage: 81.2%, Memory Usage: 79.1%
[INFO] 1970-01-27 05:54:25 - POST /home/ - Processed in 0.000817 seconds, Response size: 5391 bytes, CPU Usage: 5.2%, Memory Usage: 78.9%
[INFO] 1970-01-27 05:54:25 - GET /static/css/home.css - Processed in 0.000702 seconds, Response size: 179 bytes, CPU Usage: 25.0%, Memory Usage: 78.9%
[INFO] 1970-01-27 05:54:25 - GET /static/css/base.css - Processed in 0.000724 seconds, Response size: 179 bytes, CPU Usage: 5.3%, Memory Usage: 78.9%
[INFO] 1970-01-27 05:54:31 - POST /translatev2/ - Processed in 0.004977 seconds, Response size: 4815 bytes, CPU Usage: 4.3%, Memory Usage: 79.0%
[INFO] 1970-01-27 05:54:31 - GET /static/css/home.css - Processed in 0.000438 seconds, Response size: 179 bytes, CPU Usage: 50.0%, Memory Usage: 79.0%
[INFO] 1970-01-27 05:54:31 - GET /static/css/base.css - Processed in 0.000370 seconds, Response size: 179 bytes, CPU Usage: 4.6%, Memory Usage: 79.0%
[INFO] 1970-01-27 05:58:47 - POST /home/ - Processed in 0.000714 seconds, Response size: 5390 bytes, CPU Usage: 5.4%, Memory Usage: 77.9%
[INFO] 1970-01-27 05:58:47 - GET /static/css/home.css - Processed in 0.000367 seconds, Response size: 179 bytes, CPU Usage: 50.0%, Memory Usage: 77.9%
[INFO] 1970-01-27 05:58:47 - GET /static/css/base.css - Processed in 0.000385 seconds, Response size: 179 bytes, CPU Usage: 5.4%, Memory Usage: 77.9%
[INFO] 1970-01-27 05:58:53 - POST /translatev2/ - Processed in 0.003335 seconds, Response size: 4814 bytes, CPU Usage: 5.2%, Memory Usage: 77.8%
[INFO] 1970-01-27 05:58:53 - GET /static/css/home.css - Processed in 0.000365 seconds, Response size: 179 bytes, CPU Usage: 23.1%, Memory Usage: 77.8%
[INFO] 1970-01-27 05:58:53 - GET /static/css/base.css - Processed in 0.000343 seconds, Response size: 179 bytes, CPU Usage: 5.3%, Memory Usage: 77.8%
[INFO] 1970-01-09 06:49:25 - GET / - Processed in 0.208104 seconds, Response size: 555 bytes, CPU Usage: 0.0%, Memory Usage: 92.8%
[INFO] 1970-01-09 06:49:26 - GET /favicon.ico - Processed in 0.000619 seconds, Response size: 179 bytes, CPU Usage: 26.9%, Memory Usage: 93.0%
[INFO] 1970-01-09 06:49:28 - GET /home/ - Processed in 0.229758 seconds, Response size: 5162 bytes, CPU Usage: 8.7%, Memory Usage: 92.8%
[INFO] 1970-01-09 06:49:28 - GET /static/css/home.css - Processed in 0.000495 seconds, Response size: 179 bytes, CPU Usage: 62.5%, Memory Usage: 92.8%
[INFO] 1970-01-09 06:49:28 - GET /static/css/base.css - Processed in 0.000537 seconds, Response size: 179 bytes, CPU Usage: 50.0%, Memory Usage: 92.8%
[INFO] 1970-01-09 06:49:28 - GET /static/css/home.css - Processed in 0.000312 seconds, Response size: 179 bytes, CPU Usage: 46.2%, Memory Usage: 92.9%
[INFO] 1970-01-09 06:49:28 - GET /static/css/base.css - Processed in 0.000571 seconds, Response size: 179 bytes, CPU Usage: 46.3%, Memory Usage: 92.9%
[INFO] 1970-01-09 06:49:32 - GET /test - Processed in 0.000682 seconds, Response size: 179 bytes, CPU Usage: 0.0%, Memory Usage: 93.5%
[INFO] 1970-01-09 06:49:32 - GET /test/ - Processed in 0.111631 seconds, Response size: 5495 bytes, CPU Usage: 0.0%, Memory Usage: 93.6%
[INFO] 1970-01-09 06:49:32 - GET /static/css/home.css - Processed in 0.000435 seconds, Response size: 179 bytes, CPU Usage: 12.5%, Memory Usage: 93.6%
[INFO] 1970-01-09 06:49:32 - GET /static/css/base.css - Processed in 0.000288 seconds, Response size: 179 bytes, CPU Usage: 0.0%, Memory Usage: 93.6%
[INFO] 1970-01-09 06:49:33 - GET /convesation/ - Processed in 0.024552 seconds, Response size: 5424 bytes, CPU Usage: 10.8%, Memory Usage: 93.9%
[INFO] 1970-01-09 06:49:33 - GET /static/css/home.css - Processed in 0.000528 seconds, Response size: 179 bytes, CPU Usage: 12.5%, Memory Usage: 93.9%
[INFO] 1970-01-09 06:49:33 - GET /static/css/base.css - Processed in 0.000426 seconds, Response size: 179 bytes, CPU Usage: 11.1%, Memory Usage: 93.9%
[INFO] 1970-01-09 06:49:34 - GET /homesearch - Processed in 0.004432 seconds, Response size: 179 bytes, CPU Usage: 18.2%, Memory Usage: 94.1%
[INFO] 1970-01-09 06:49:34 - GET /homesearch/ - Processed in 0.029166 seconds, Response size: 4967 bytes, CPU Usage: 18.7%, Memory Usage: 94.1%
[INFO] 1970-01-09 06:49:34 - GET /static/css/home.css - Processed in 0.000506 seconds, Response size: 179 bytes, CPU Usage: 0.0%, Memory Usage: 94.1%
[INFO] 1970-01-09 06:49:34 - GET /static/css/base.css - Processed in 0.000537 seconds, Response size: 179 bytes, CPU Usage: 0.0%, Memory Usage: 94.1%
[INFO] 1970-01-09 06:49:35 - GET /test/ - Processed in 0.001786 seconds, Response size: 5495 bytes, CPU Usage: 12.5%, Memory Usage: 94.2%
[INFO] 1970-01-09 06:49:35 - GET /static/css/base.css - Processed in 0.000357 seconds, Response size: 179 bytes, CPU Usage: 12.7%, Memory Usage: 94.2%
[INFO] 1970-01-09 06:49:35 - GET /static/css/home.css - Processed in 0.000534 seconds, Response size: 179 bytes, CPU Usage: 50.0%, Memory Usage: 94.2%
[INFO] 1970-01-09 06:49:36 - GET /convesation/ - Processed in 0.000513 seconds, Response size: 5424 bytes, CPU Usage: 23.0%, Memory Usage: 94.3%
[INFO] 1970-01-09 06:49:36 - GET /static/css/base.css - Processed in 0.000440 seconds, Response size: 179 bytes, CPU Usage: 23.0%, Memory Usage: 94.3%
[INFO] 1970-01-09 06:49:36 - GET /static/css/home.css - Processed in 0.000333 seconds, Response size: 179 bytes, CPU Usage: 25.0%, Memory Usage: 94.3%
[INFO] 1970-01-09 06:49:36 - GET /contact - Processed in 0.000349 seconds, Response size: 179 bytes, CPU Usage: 30.5%, Memory Usage: 94.4%
[INFO] 1970-01-09 06:49:36 - GET /contact/ - Processed in 0.114414 seconds, Response size: 7425 bytes, CPU Usage: 24.1%, Memory Usage: 94.1%
[INFO] 1970-01-09 06:49:36 - GET /static/css/base.css - Processed in 0.000588 seconds, Response size: 179 bytes, CPU Usage: 100.0%, Memory Usage: 94.1%
[INFO] 1970-01-09 06:49:36 - GET /static/css/home.css - Processed in 0.000407 seconds, Response size: 179 bytes, CPU Usage: 12.5%, Memory Usage: 94.1%
[INFO] 1970-01-09 06:49:37 - GET /convesation/ - Processed in 0.000505 seconds, Response size: 5424 bytes, CPU Usage: 17.6%, Memory Usage: 94.2%
[INFO] 1970-01-09 06:49:38 - GET /static/css/home.css - Processed in 0.000427 seconds, Response size: 179 bytes, CPU Usage: 62.5%, Memory Usage: 94.2%
[INFO] 1970-01-09 06:49:38 - GET /static/css/base.css - Processed in 0.000299 seconds, Response size: 179 bytes, CPU Usage: 17.6%, Memory Usage: 94.2%
[INFO] 1970-01-09 06:49:38 - GET /test/ - Processed in 0.002677 seconds, Response size: 5495 bytes, CPU Usage: 20.4%, Memory Usage: 94.1%
[INFO] 1970-01-09 06:49:38 - GET /static/css/home.css - Processed in 0.000538 seconds, Response size: 179 bytes, CPU Usage: 33.3%, Memory Usage: 94.1%
[INFO] 1970-01-09 06:49:38 - GET /static/css/base.css - Processed in 0.000339 seconds, Response size: 179 bytes, CPU Usage: 20.9%, Memory Usage: 94.1%
[INFO] 1970-01-09 06:49:38 - GET /homesearch/ - Processed in 0.000793 seconds, Response size: 4967 bytes, CPU Usage: 18.1%, Memory Usage: 94.2%
[INFO] 1970-01-09 06:49:38 - GET /static/css/home.css - Processed in 0.000996 seconds, Response size: 179 bytes, CPU Usage: 50.0%, Memory Usage: 94.2%
[INFO] 1970-01-09 06:49:38 - GET /static/css/base.css - Processed in 0.000370 seconds, Response size: 179 bytes, CPU Usage: 19.2%, Memory Usage: 94.2%
[INFO] 1970-01-09 06:49:58 - GET /admin/login/ - Processed in 0.120125 seconds, Response size: 4181 bytes, CPU Usage: 0.0%, Memory Usage: 93.4%
[INFO] 1970-01-09 06:49:58 - GET /static/admin/css/base.css - Processed in 0.000387 seconds, Response size: 179 bytes, CPU Usage: 0.0%, Memory Usage: 93.4%
[INFO] 1970-01-09 06:49:58 - GET /static/admin/css/login.css - Processed in 0.000302 seconds, Response size: 179 bytes, CPU Usage: 0.0%, Memory Usage: 93.4%
[INFO] 1970-01-09 06:49:58 - GET /static/admin/css/dark_mode.css - Processed in 0.000306 seconds, Response size: 179 bytes, CPU Usage: 0.0%, Memory Usage: 93.4%
[INFO] 1970-01-09 06:49:58 - GET /static/admin/css/nav_sidebar.css - Processed in 0.000673 seconds, Response size: 179 bytes, CPU Usage: 0.0%, Memory Usage: 93.4%
[INFO] 1970-01-09 06:49:58 - GET /static/admin/css/responsive.css - Processed in 0.000343 seconds, Response size: 179 bytes, CPU Usage: 0.0%, Memory Usage: 93.4%
[INFO] 1970-01-09 06:49:58 - GET /static/admin/js/theme.js - Processed in 0.000509 seconds, Response size: 179 bytes, CPU Usage: 0.0%, Memory Usage: 93.5%
[INFO] 1970-01-09 06:49:58 - GET /static/admin/js/nav_sidebar.js - Processed in 0.000319 seconds, Response size: 179 bytes, CPU Usage: 0.0%, Memory Usage: 93.6%
[INFO] 1970-01-09 06:50:05 - GET /admin/login/ - Processed in 0.004410 seconds, Response size: 4181 bytes, CPU Usage: 0.0%, Memory Usage: 92.5%
[INFO] 1970-01-09 06:50:05 - GET /static/admin/css/base.css - Processed in 0.000315 seconds, Response size: 179 bytes, CPU Usage: 12.5%, Memory Usage: 92.5%
[INFO] 1970-01-09 06:50:05 - GET /static/admin/css/nav_sidebar.css - Processed in 0.000365 seconds, Response size: 179 bytes, CPU Usage: 0.0%, Memory Usage: 92.5%
[INFO] 1970-01-09 06:50:05 - GET /static/admin/css/dark_mode.css - Processed in 0.000411 seconds, Response size: 179 bytes, CPU Usage: 0.0%, Memory Usage: 92.5%
[INFO] 1970-01-09 06:50:05 - GET /static/admin/css/login.css - Processed in 0.000466 seconds, Response size: 179 bytes, CPU Usage: 0.0%, Memory Usage: 92.5%
[INFO] 1970-01-09 06:50:05 - GET /static/admin/js/theme.js - Processed in 0.000347 seconds, Response size: 179 bytes, CPU Usage: 0.0%, Memory Usage: 92.5%
[INFO] 1970-01-09 06:50:05 - GET /static/admin/css/responsive.css - Processed in 0.000347 seconds, Response size: 179 bytes, CPU Usage: 0.0%, Memory Usage: 92.5%
[INFO] 1970-01-09 06:50:05 - GET /static/admin/js/nav_sidebar.js - Processed in 0.000816 seconds, Response size: 179 bytes, CPU Usage: 77.8%, Memory Usage: 92.5%
