
Watching for file changes with StatReloader
"GET / HTTP/1.1" 200 555
Not Found: /favicon.ico
"GET /favicon.ico HTTP/1.1" 404 3824
"GET /home/ HTTP/1.1" 200 5088
"POST /home/ HTTP/1.1" 200 5317
"GET /home/ HTTP/1.1" 200 5088
"GET /static/css/base.css HTTP/1.1" 200 88
"GET /static/css/home.css HTTP/1.1" 200 1092
Not Found: /favicon.ico
"GET /favicon.ico HTTP/1.1" 404 3824
E:\Django\Cdttn\Baitaplon\Baitaplon\settings.py changed, reloading.
Watching for file changes with StatReloader
"GET /convesation/ HTTP/1.1" 200 5350
"GET /test/ HTTP/1.1" 200 5421
"GET / HTTP/1.1" 200 555
"GET /home/ HTTP/1.1" 200 5088
"POST /home/ HTTP/1.1" 200 5317
Watching for file changes with StatReloader
"GET / HTTP/1.1" 200 555
Not Found: /favicon.ico
"GET /favicon.ico HTTP/1.1" 404 179
"GET /home/ HTTP/1.1" 200 5088
Not Found: /static/css/base.css
"GET /static/css/base.css HTTP/1.1" 404 179
Not Found: /static/css/base.css
"GET /static/css/base.css HTTP/1.1" 404 179
"POST /home/ HTTP/1.1" 200 5317
Not Found: /static/css/base.css
"GET /static/css/base.css HTTP/1.1" 404 179
"POST /home/ HTTP/1.1" 200 5391
Not Found: /static/css/base.css
"GET /static/css/base.css HTTP/1.1" 404 179
"GET /homesearch HTTP/1.1" 301 0
"GET /homesearch/ HTTP/1.1" 200 4967
Not Found: /static/css/base.css
"GET /static/css/base.css HTTP/1.1" 404 179
"GET / HTTP/1.1" 200 555
"GET /home/ HTTP/1.1" 200 5162
Not Found: /static/css/base.css
"GET /static/css/base.css HTTP/1.1" 404 179
"GET /homesearch/ HTTP/1.1" 200 4967
Not Found: /static/css/base.css
"GET /static/css/base.css HTTP/1.1" 404 179
"GET /search_suggestions/?search_query=hel HTTP/1.1" 200 98
"GET /homesearch/?search_query=I%20need%20help. HTTP/1.1" 200 5205
Not Found: /static/css/base.css
"GET /static/css/base.css HTTP/1.1" 404 179
Watching for file changes with StatReloader
"GET / HTTP/1.1" 200 555
Not Found: /favicon.ico
"GET /favicon.ico HTTP/1.1" 404 179
"GET /home/ HTTP/1.1" 200 5162
Not Found: /static/css/base.css
"GET /static/css/base.css HTTP/1.1" 404 179
Not Found: /static/css/base.css
"GET /static/css/base.css HTTP/1.1" 404 179
"POST /home/ HTTP/1.1" 200 5415
Not Found: /static/css/base.css
"GET /static/css/base.css HTTP/1.1" 404 179
"POST /home/ HTTP/1.1" 200 5402
Not Found: /static/css/base.css
"GET /static/css/base.css HTTP/1.1" 404 179
